0 info it worked if it ends with ok
1 verbose cli [ '/usr/bin/node', '/usr/bin/npm', 'install' ]
2 info using npm@2.7.4
3 info using node@v0.12.2
4 verbose node symlink /usr/bin/node
5 error install Couldn't read dependencies
6 verbose stack Error: Failed to parse json
6 verbose stack Unexpected token 'r' at 25:6
6 verbose stack     "request": "^2.55.0",
6 verbose stack      ^
6 verbose stack     at parseError (/usr/lib/node_modules/npm/node_modules/read-package-json/read-json.js:406:25)
6 verbose stack     at parseJson (/usr/lib/node_modules/npm/node_modules/read-package-json/read-json.js:86:51)
6 verbose stack     at /usr/lib/node_modules/npm/node_modules/read-package-json/read-json.js:60:33
6 verbose stack     at evalmachine.<anonymous>:334:14
6 verbose stack     at /usr/lib/node_modules/npm/node_modules/graceful-fs/graceful-fs.js:102:5
6 verbose stack     at FSReqWrap.oncomplete (evalmachine.<anonymous>:95:15)
7 verbose cwd /home/booker/Documents/Programming/community-casts/source
8 error Linux 3.19.0-16-generic
9 error argv "/usr/bin/node" "/usr/bin/npm" "install"
10 error node v0.12.2
11 error npm  v2.7.4
12 error file /home/booker/Documents/Programming/community-casts/source/package.json
13 error code EJSONPARSE
14 error Failed to parse json
14 error Unexpected token 'r' at 25:6
14 error     "request": "^2.55.0",
14 error      ^
15 error File: /home/booker/Documents/Programming/community-casts/source/package.json
16 error Failed to parse package.json data.
16 error package.json must be actual JSON, not just JavaScript.
16 error
16 error This is not a bug in npm.
16 error Tell the package author to fix their package.json file. JSON.parse
17 verbose exit [ 1, true ]
